This is pdfTeX, Version 3.141592653-2.6-1.40.26 (MiKTeX 24.4) (preloaded format=pdflatex 2024.7.22)  24 JUL 2024 22:44
entering extended mode
 \write18 enabled.
 file:line:error style messages enabled.
 %&-line parsing enabled.
**"c:/Users/Lenovo T14/Documents/ME4/Modules/MECH70027-FMX/FMX.tex"
(c:/Users/Lenovo T14/Documents/ME4/Modules/MECH70027-FMX/FMX.tex
LaTeX2e <2024-06-01> patch level 2
L3 programming layer <2024-05-27>
(C:\Users\Lenovo T14\AppData\Local\Programs\MiKTeX\tex/latex/base\report.cls
Document Class: report 2024/02/08 v1.4n Standard LaTeX document class
(C:\Users\Lenovo T14\AppData\Local\Programs\MiKTeX\tex/latex/base\size10.clo
File: size10.clo 2024/02/08 v1.4n Standard LaTeX file (size option)
)
\c@part=\count194
\c@chapter=\count195
\c@section=\count196
\c@subsection=\count197
\c@subsubsection=\count198
\c@paragraph=\count199
\c@subparagraph=\count266
\c@figure=\count267
\c@table=\count268
\abovecaptionskip=\skip49
\belowcaptionskip=\skip50
\bibindent=\dimen141
)

! LaTeX Error: File `preamble.tex' not found.

Type X to quit or <RETURN> to proceed,
or enter new name. (Default extension: tex)

Enter file name: 
c:/Users/Lenovo T14/Documents/ME4/Modules/MECH70027-FMX/FMX.tex:3: Emergency stop.
<read *> 
         
l.3 \input{preamble}
                    ^^M
*** (cannot \read from terminal in nonstop modes)

 
Here is how much of TeX's memory you used:
 246 strings out of 473904
 3176 string characters out of 5724204
 1925908 words of memory out of 5000000
 23205 multiletter control sequences out of 15000+600000
 558069 words of font info for 36 fonts, out of 8000000 for 9000
 1141 hyphenation exceptions out of 8191
 35i,0n,38p,180b,36s stack positions out of 10000i,1000n,20000p,200000b,200000s
c:/Users/Lenovo T14/Documents/ME4/Modules/MECH70027-FMX/FMX.tex:3:  ==> Fatal error occurred, no output PDF file produced!
